2016/11/17 15:03:04 [error] [system.db.CDbCommand] CDbCommand::() failed: SQLSTATE[42000]: Syntax error or access violation: 1064 You have an error in your SQL syntax; check the manual that corresponds to your MySQL server version for the right syntax to use near 'and recommend=1 limit 0,5' at line 1. The SQL statement executed was: select * from h_house where lp_dol<3000000 and lp_dol > 1000000 and id!= and recommend=1 limit 0,5.
2016/11/17 15:03:04 [error] [exception.CDbException] exception 'CDbException' with message 'CDbCommand 无法执行 SQL 语句: SQLSTATE[42000]: Syntax error or access violation: 1064 You have an error in your SQL syntax; check the manual that corresponds to your MySQL server version for the right syntax to use near 'and recommend=1 limit 0,5' at line 1. The SQL statement executed was: select * from h_house where lp_dol<3000000 and lp_dol > 1000000 and id!= and recommend=1 limit 0,5' in /var/www/html/framework/yiilite.php:9510
Stack trace:
#0 /var/www/html/framework/yiilite.php(9429): CDbCommand->queryInternal('', 0, Array)
#1 /var/www/html/themes/house/views/house/view.php(1386): CDbCommand->query()
#2 /var/www/html/framework/yiilite.php(3493): require('/var/www/html/t...')
#3 /var/www/html/framework/yiilite.php(3472): CBaseController->renderInternal('/var/www/html/t...', Array, true)
#4 /var/www/html/framework/yiilite.php(3904): CBaseController->renderFile('/var/www/html/t...', Array, true)
#5 /var/www/html/framework/yiilite.php(3872): CController->renderPartial('view', Array, true)
#6 /var/www/html/protected/controllers/HouseController.php(544): CController->render('view', Array)
#7 [internal function]: HouseController->actionView('121353')
#8 /var/www/html/framework/yiilite.php(4121): ReflectionMethod->invokeArgs(Object(HouseController), Array)
#9 /var/www/html/framework/yiilite.php(4138): CAction->runWithParamsInternal(Object(HouseController), Object(ReflectionMethod), Array)
#10 /var/www/html/framework/yiilite.php(3652): CInlineAction->runWithParams(Array)
#11 /var/www/html/framework/yiilite.php(3637): CController->runAction(Object(CInlineAction))
#12 /var/www/html/framework/yiilite.php(3627): CController->runActionWithFilters(Object(CInlineAction), Array)
#13 /var/www/html/framework/yiilite.php(1761): CController->run('view')
#14 /var/www/html/framework/yiilite.php(1681): CWebApplication->runController('house/view')
#15 /var/www/html/framework/yiilite.php(1202): CWebApplication->processRequest()
#16 /var/www/html/index.php(23): CApplication->run()
#17 {main}
REQUEST_URI=/index.php?r=house/view&id=121353&cd1=0&cd2=0&cd3=0&cd4=8&cd5=&cd6=0&cd7=0&cd8=0&cd9=0&cd10=0&cd11=0&cd12=0&cd12_2=0&cd12_3=0&cd12_4=0&cd12_5=0&cd13=0&cd14=0&cd15=1&cd16=0&cd17=0&cd18=0&page=
---
2016/11/17 15:07:38 [error] [system.db.CDbCommand] CDbCommand::() failed: SQLSTATE[42000]: Syntax error or access violation: 1064 You have an error in your SQL syntax; check the manual that corresponds to your MySQL server version for the right syntax to use near 'and recommend=1 limit 0,5' at line 1. The SQL statement executed was: select * from h_house where lp_dol<3000000 and lp_dol > 1000000 and id!= and recommend=1 limit 0,5.
2016/11/17 15:07:38 [error] [exception.CDbException] exception 'CDbException' with message 'CDbCommand 无法执行 SQL 语句: SQLSTATE[42000]: Syntax error or access violation: 1064 You have an error in your SQL syntax; check the manual that corresponds to your MySQL server version for the right syntax to use near 'and recommend=1 limit 0,5' at line 1. The SQL statement executed was: select * from h_house where lp_dol<3000000 and lp_dol > 1000000 and id!= and recommend=1 limit 0,5' in /var/www/html/framework/yiilite.php:9510
Stack trace:
#0 /var/www/html/framework/yiilite.php(9429): CDbCommand->queryInternal('', 0, Array)
#1 /var/www/html/themes/house/views/house/view.php(1386): CDbCommand->query()
#2 /var/www/html/framework/yiilite.php(3493): require('/var/www/html/t...')
#3 /var/www/html/framework/yiilite.php(3472): CBaseController->renderInternal('/var/www/html/t...', Array, true)
#4 /var/www/html/framework/yiilite.php(3904): CBaseController->renderFile('/var/www/html/t...', Array, true)
#5 /var/www/html/framework/yiilite.php(3872): CController->renderPartial('view', Array, true)
#6 /var/www/html/protected/controllers/HouseController.php(544): CController->render('view', Array)
#7 [internal function]: HouseController->actionView('143288')
#8 /var/www/html/framework/yiilite.php(4121): ReflectionMethod->invokeArgs(Object(HouseController), Array)
#9 /var/www/html/framework/yiilite.php(4138): CAction->runWithParamsInternal(Object(HouseController), Object(ReflectionMethod), Array)
#10 /var/www/html/framework/yiilite.php(3652): CInlineAction->runWithParams(Array)
#11 /var/www/html/framework/yiilite.php(3637): CController->runAction(Object(CInlineAction))
#12 /var/www/html/framework/yiilite.php(3627): CController->runActionWithFilters(Object(CInlineAction), Array)
#13 /var/www/html/framework/yiilite.php(1761): CController->run('view')
#14 /var/www/html/framework/yiilite.php(1681): CWebApplication->runController('house/view')
#15 /var/www/html/framework/yiilite.php(1202): CWebApplication->processRequest()
#16 /var/www/html/index.php(23): CApplication->run()
#17 {main}
REQUEST_URI=/index.php?r=house/view&id=143288&cd1=0&cd2=0&cd3=0&cd4=2&cd5=0&cd6=0&cd7=0&cd8=0&cd9=0&cd10=0&cd11=0&cd12=0&cd12_2=0&cd12_3=0&cd12_4=0&cd12_5=0&cd13=0&cd14=0&cd15=0&cd16=0&cd17=0&cd18=1&page=
---
2016/11/17 15:10:07 [error] [system.db.CDbCommand] CDbCommand::() failed: SQLSTATE[42000]: Syntax error or access violation: 1064 You have an error in your SQL syntax; check the manual that corresponds to your MySQL server version for the right syntax to use near 'and recommend=1 limit 0,5' at line 1. The SQL statement executed was: select * from h_house where lp_dol<3000000 and lp_dol > 1000000 and id!= and recommend=1 limit 0,5.
2016/11/17 15:10:07 [error] [exception.CDbException] exception 'CDbException' with message 'CDbCommand 无法执行 SQL 语句: SQLSTATE[42000]: Syntax error or access violation: 1064 You have an error in your SQL syntax; check the manual that corresponds to your MySQL server version for the right syntax to use near 'and recommend=1 limit 0,5' at line 1. The SQL statement executed was: select * from h_house where lp_dol<3000000 and lp_dol > 1000000 and id!= and recommend=1 limit 0,5' in /var/www/html/framework/yiilite.php:9510
Stack trace:
#0 /var/www/html/framework/yiilite.php(9429): CDbCommand->queryInternal('', 0, Array)
#1 /var/www/html/themes/house/views/house/view.php(1386): CDbCommand->query()
#2 /var/www/html/framework/yiilite.php(3493): require('/var/www/html/t...')
#3 /var/www/html/framework/yiilite.php(3472): CBaseController->renderInternal('/var/www/html/t...', Array, true)
#4 /var/www/html/framework/yiilite.php(3904): CBaseController->renderFile('/var/www/html/t...', Array, true)
#5 /var/www/html/framework/yiilite.php(3872): CController->renderPartial('view', Array, true)
#6 /var/www/html/protected/controllers/HouseController.php(544): CController->render('view', Array)
#7 [internal function]: HouseController->actionView('143288')
#8 /var/www/html/framework/yiilite.php(4121): ReflectionMethod->invokeArgs(Object(HouseController), Array)
#9 /var/www/html/framework/yiilite.php(4138): CAction->runWithParamsInternal(Object(HouseController), Object(ReflectionMethod), Array)
#10 /var/www/html/framework/yiilite.php(3652): CInlineAction->runWithParams(Array)
#11 /var/www/html/framework/yiilite.php(3637): CController->runAction(Object(CInlineAction))
#12 /var/www/html/framework/yiilite.php(3627): CController->runActionWithFilters(Object(CInlineAction), Array)
#13 /var/www/html/framework/yiilite.php(1761): CController->run('view')
#14 /var/www/html/framework/yiilite.php(1681): CWebApplication->runController('house/view')
#15 /var/www/html/framework/yiilite.php(1202): CWebApplication->processRequest()
#16 /var/www/html/index.php(23): CApplication->run()
#17 {main}
REQUEST_URI=/index.php?r=house/view&id=143288&cd1=0&cd2=0&cd3=0&cd4=2&cd5=0&cd6=0&cd7=0&cd8=0&cd9=0&cd10=0&cd11=0&cd12=0&cd12_2=0&cd12_3=0&cd12_4=0&cd12_5=0&cd13=0&cd14=0&cd15=0&cd16=0&cd17=0&cd18=1&page=
---
2016/11/17 15:10:44 [error] [system.db.CDbCommand] CDbCommand::() failed: SQLSTATE[42000]: Syntax error or access violation: 1064 You have an error in your SQL syntax; check the manual that corresponds to your MySQL server version for the right syntax to use near 'and recommend=1 limit 0,5' at line 1. The SQL statement executed was: select * from h_house where lp_dol<3000000 and lp_dol > 1000000 and id!= and recommend=1 limit 0,5.
2016/11/17 15:10:44 [error] [exception.CDbException] exception 'CDbException' with message 'CDbCommand 无法执行 SQL 语句: SQLSTATE[42000]: Syntax error or access violation: 1064 You have an error in your SQL syntax; check the manual that corresponds to your MySQL server version for the right syntax to use near 'and recommend=1 limit 0,5' at line 1. The SQL statement executed was: select * from h_house where lp_dol<3000000 and lp_dol > 1000000 and id!= and recommend=1 limit 0,5' in /var/www/html/framework/yiilite.php:9510
Stack trace:
#0 /var/www/html/framework/yiilite.php(9429): CDbCommand->queryInternal('', 0, Array)
#1 /var/www/html/themes/house/views/house/view.php(1386): CDbCommand->query()
#2 /var/www/html/framework/yiilite.php(3493): require('/var/www/html/t...')
#3 /var/www/html/framework/yiilite.php(3472): CBaseController->renderInternal('/var/www/html/t...', Array, true)
#4 /var/www/html/framework/yiilite.php(3904): CBaseController->renderFile('/var/www/html/t...', Array, true)
#5 /var/www/html/framework/yiilite.php(3872): CController->renderPartial('view', Array, true)
#6 /var/www/html/protected/controllers/HouseController.php(544): CController->render('view', Array)
#7 [internal function]: HouseController->actionView('125166')
#8 /var/www/html/framework/yiilite.php(4121): ReflectionMethod->invokeArgs(Object(HouseController), Array)
#9 /var/www/html/framework/yiilite.php(4138): CAction->runWithParamsInternal(Object(HouseController), Object(ReflectionMethod), Array)
#10 /var/www/html/framework/yiilite.php(3652): CInlineAction->runWithParams(Array)
#11 /var/www/html/framework/yiilite.php(3637): CController->runAction(Object(CInlineAction))
#12 /var/www/html/framework/yiilite.php(3627): CController->runActionWithFilters(Object(CInlineAction), Array)
#13 /var/www/html/framework/yiilite.php(1761): CController->run('view')
#14 /var/www/html/framework/yiilite.php(1681): CWebApplication->runController('house/view')
#15 /var/www/html/framework/yiilite.php(1202): CWebApplication->processRequest()
#16 /var/www/html/index.php(23): CApplication->run()
#17 {main}
REQUEST_URI=/index.php?r=house/view&id=125166&cd1=0&cd2=0&cd3=0&cd4=8&cd5=0&cd6=0&cd7=0&cd8=0&cd9=0&cd10=0&cd11=0&cd12=0&cd12_2=0&cd12_3=1&cd12_4=0&cd12_5=0&cd13=0&cd14=0&cd15=0&cd16=0&cd17=0&cd18=1
---
2016/11/17 15:12:03 [error] [system.db.CDbCommand] CDbCommand::() failed: SQLSTATE[42000]: Syntax error or access violation: 1064 You have an error in your SQL syntax; check the manual that corresponds to your MySQL server version for the right syntax to use near 'and recommend=1 limit 0,5' at line 1. The SQL statement executed was: select * from h_house where lp_dol<3000000 and lp_dol > 1000000 and id!= and recommend=1 limit 0,5.
2016/11/17 15:12:03 [error] [exception.CDbException] exception 'CDbException' with message 'CDbCommand 无法执行 SQL 语句: SQLSTATE[42000]: Syntax error or access violation: 1064 You have an error in your SQL syntax; check the manual that corresponds to your MySQL server version for the right syntax to use near 'and recommend=1 limit 0,5' at line 1. The SQL statement executed was: select * from h_house where lp_dol<3000000 and lp_dol > 1000000 and id!= and recommend=1 limit 0,5' in /var/www/html/framework/yiilite.php:9510
Stack trace:
#0 /var/www/html/framework/yiilite.php(9429): CDbCommand->queryInternal('', 0, Array)
#1 /var/www/html/themes/house/views/house/view.php(1386): CDbCommand->query()
#2 /var/www/html/framework/yiilite.php(3493): require('/var/www/html/t...')
#3 /var/www/html/framework/yiilite.php(3472): CBaseController->renderInternal('/var/www/html/t...', Array, true)
#4 /var/www/html/framework/yiilite.php(3904): CBaseController->renderFile('/var/www/html/t...', Array, true)
#5 /var/www/html/framework/yiilite.php(3872): CController->renderPartial('view', Array, true)
#6 /var/www/html/protected/controllers/HouseController.php(544): CController->render('view', Array)
#7 [internal function]: HouseController->actionView('15851')
#8 /var/www/html/framework/yiilite.php(4121): ReflectionMethod->invokeArgs(Object(HouseController), Array)
#9 /var/www/html/framework/yiilite.php(4138): CAction->runWithParamsInternal(Object(HouseController), Object(ReflectionMethod), Array)
#10 /var/www/html/framework/yiilite.php(3652): CInlineAction->runWithParams(Array)
#11 /var/www/html/framework/yiilite.php(3637): CController->runAction(Object(CInlineAction))
#12 /var/www/html/framework/yiilite.php(3627): CController->runActionWithFilters(Object(CInlineAction), Array)
#13 /var/www/html/framework/yiilite.php(1761): CController->run('view')
#14 /var/www/html/framework/yiilite.php(1681): CWebApplication->runController('house/view')
#15 /var/www/html/framework/yiilite.php(1202): CWebApplication->processRequest()
#16 /var/www/html/index.php(23): CApplication->run()
#17 {main}
REQUEST_URI=/index.php?r=house/view&id=15851&cd1=0&cd2=0&cd3=2&cd4=0&cd5=0&cd6=0&cd7=0&cd8=0&cd9=0&cd10=3&cd11=0&cd12=0&cd12_2=0&cd12_3=0&cd12_4=0&cd12_5=0&cd13=4&cd14=0&cd15=4&cd16=0&cd17=0&cd18=0&page=
---
2016/11/17 15:16:09 [error] [system.db.CDbCommand] CDbCommand::() failed: SQLSTATE[42000]: Syntax error or access violation: 1064 You have an error in your SQL syntax; check the manual that corresponds to your MySQL server version for the right syntax to use near 'and recommend=1 limit 0,5' at line 1. The SQL statement executed was: select * from h_house where lp_dol<3000000 and lp_dol > 1000000 and id!= and recommend=1 limit 0,5.
2016/11/17 15:16:09 [error] [exception.CDbException] exception 'CDbException' with message 'CDbCommand 无法执行 SQL 语句: SQLSTATE[42000]: Syntax error or access violation: 1064 You have an error in your SQL syntax; check the manual that corresponds to your MySQL server version for the right syntax to use near 'and recommend=1 limit 0,5' at line 1. The SQL statement executed was: select * from h_house where lp_dol<3000000 and lp_dol > 1000000 and id!= and recommend=1 limit 0,5' in /var/www/html/framework/yiilite.php:9510
Stack trace:
#0 /var/www/html/framework/yiilite.php(9429): CDbCommand->queryInternal('', 0, Array)
#1 /var/www/html/themes/house/views/house/view.php(1386): CDbCommand->query()
#2 /var/www/html/framework/yiilite.php(3493): require('/var/www/html/t...')
#3 /var/www/html/framework/yiilite.php(3472): CBaseController->renderInternal('/var/www/html/t...', Array, true)
#4 /var/www/html/framework/yiilite.php(3904): CBaseController->renderFile('/var/www/html/t...', Array, true)
#5 /var/www/html/framework/yiilite.php(3872): CController->renderPartial('view', Array, true)
#6 /var/www/html/protected/controllers/HouseController.php(544): CController->render('view', Array)
#7 [internal function]: HouseController->actionView('14813')
#8 /var/www/html/framework/yiilite.php(4121): ReflectionMethod->invokeArgs(Object(HouseController), Array)
#9 /var/www/html/framework/yiilite.php(4138): CAction->runWithParamsInternal(Object(HouseController), Object(ReflectionMethod), Array)
#10 /var/www/html/framework/yiilite.php(3652): CInlineAction->runWithParams(Array)
#11 /var/www/html/framework/yiilite.php(3637): CController->runAction(Object(CInlineAction))
#12 /var/www/html/framework/yiilite.php(3627): CController->runActionWithFilters(Object(CInlineAction), Array)
#13 /var/www/html/framework/yiilite.php(1761): CController->run('view')
#14 /var/www/html/framework/yiilite.php(1681): CWebApplication->runController('house/view')
#15 /var/www/html/framework/yiilite.php(1202): CWebApplication->processRequest()
#16 /var/www/html/index.php(23): CApplication->run()
#17 {main}
REQUEST_URI=/index.php?id=14813&r=house/view
---
2016/11/17 15:31:50 [error] [system.db.CDbCommand] CDbCommand::() failed: SQLSTATE[42000]: Syntax error or access violation: 1064 You have an error in your SQL syntax; check the manual that corresponds to your MySQL server version for the right syntax to use near 'and recommend=1 limit 0,5' at line 1. The SQL statement executed was: select * from h_house where lp_dol<3000000 and lp_dol > 1000000 and id!= and recommend=1 limit 0,5.
2016/11/17 15:31:50 [error] [exception.CDbException] exception 'CDbException' with message 'CDbCommand 无法执行 SQL 语句: SQLSTATE[42000]: Syntax error or access violation: 1064 You have an error in your SQL syntax; check the manual that corresponds to your MySQL server version for the right syntax to use near 'and recommend=1 limit 0,5' at line 1. The SQL statement executed was: select * from h_house where lp_dol<3000000 and lp_dol > 1000000 and id!= and recommend=1 limit 0,5' in /var/www/html/framework/yiilite.php:9510
Stack trace:
#0 /var/www/html/framework/yiilite.php(9429): CDbCommand->queryInternal('', 0, Array)
#1 /var/www/html/themes/house/views/house/view.php(1386): CDbCommand->query()
#2 /var/www/html/framework/yiilite.php(3493): require('/var/www/html/t...')
#3 /var/www/html/framework/yiilite.php(3472): CBaseController->renderInternal('/var/www/html/t...', Array, true)
#4 /var/www/html/framework/yiilite.php(3904): CBaseController->renderFile('/var/www/html/t...', Array, true)
#5 /var/www/html/framework/yiilite.php(3872): CController->renderPartial('view', Array, true)
#6 /var/www/html/protected/controllers/HouseController.php(544): CController->render('view', Array)
#7 [internal function]: HouseController->actionView('133018')
#8 /var/www/html/framework/yiilite.php(4121): ReflectionMethod->invokeArgs(Object(HouseController), Array)
#9 /var/www/html/framework/yiilite.php(4138): CAction->runWithParamsInternal(Object(HouseController), Object(ReflectionMethod), Array)
#10 /var/www/html/framework/yiilite.php(3652): CInlineAction->runWithParams(Array)
#11 /var/www/html/framework/yiilite.php(3637): CController->runAction(Object(CInlineAction))
#12 /var/www/html/framework/yiilite.php(3627): CController->runActionWithFilters(Object(CInlineAction), Array)
#13 /var/www/html/framework/yiilite.php(1761): CController->run('view')
#14 /var/www/html/framework/yiilite.php(1681): CWebApplication->runController('house/view')
#15 /var/www/html/framework/yiilite.php(1202): CWebApplication->processRequest()
#16 /var/www/html/index.php(23): CApplication->run()
#17 {main}
REQUEST_URI=/index.php?id=133018&r=house/view
---
2016/11/17 15:31:52 [error] [system.db.CDbCommand] CDbCommand::() failed: SQLSTATE[42000]: Syntax error or access violation: 1064 You have an error in your SQL syntax; check the manual that corresponds to your MySQL server version for the right syntax to use near 'and recommend=1 limit 0,5' at line 1. The SQL statement executed was: select * from h_house where lp_dol<3000000 and lp_dol > 1000000 and id!= and recommend=1 limit 0,5.
2016/11/17 15:31:52 [error] [exception.CDbException] exception 'CDbException' with message 'CDbCommand 无法执行 SQL 语句: SQLSTATE[42000]: Syntax error or access violation: 1064 You have an error in your SQL syntax; check the manual that corresponds to your MySQL server version for the right syntax to use near 'and recommend=1 limit 0,5' at line 1. The SQL statement executed was: select * from h_house where lp_dol<3000000 and lp_dol > 1000000 and id!= and recommend=1 limit 0,5' in /var/www/html/framework/yiilite.php:9510
Stack trace:
#0 /var/www/html/framework/yiilite.php(9429): CDbCommand->queryInternal('', 0, Array)
#1 /var/www/html/themes/house/views/house/view.php(1386): CDbCommand->query()
#2 /var/www/html/framework/yiilite.php(3493): require('/var/www/html/t...')
#3 /var/www/html/framework/yiilite.php(3472): CBaseController->renderInternal('/var/www/html/t...', Array, true)
#4 /var/www/html/framework/yiilite.php(3904): CBaseController->renderFile('/var/www/html/t...', Array, true)
#5 /var/www/html/framework/yiilite.php(3872): CController->renderPartial('view', Array, true)
#6 /var/www/html/protected/controllers/HouseController.php(544): CController->render('view', Array)
#7 [internal function]: HouseController->actionView('14824')
#8 /var/www/html/framework/yiilite.php(4121): ReflectionMethod->invokeArgs(Object(HouseController), Array)
#9 /var/www/html/framework/yiilite.php(4138): CAction->runWithParamsInternal(Object(HouseController), Object(ReflectionMethod), Array)
#10 /var/www/html/framework/yiilite.php(3652): CInlineAction->runWithParams(Array)
#11 /var/www/html/framework/yiilite.php(3637): CController->runAction(Object(CInlineAction))
#12 /var/www/html/framework/yiilite.php(3627): CController->runActionWithFilters(Object(CInlineAction), Array)
#13 /var/www/html/framework/yiilite.php(1761): CController->run('view')
#14 /var/www/html/framework/yiilite.php(1681): CWebApplication->runController('house/view')
#15 /var/www/html/framework/yiilite.php(1202): CWebApplication->processRequest()
#16 /var/www/html/index.php(23): CApplication->run()
#17 {main}
REQUEST_URI=/index.php?id=14824&r=house/view
---
2016/11/17 15:48:21 [error] [system.db.CDbCommand] CDbCommand::() failed: SQLSTATE[42000]: Syntax error or access violation: 1064 You have an error in your SQL syntax; check the manual that corresponds to your MySQL server version for the right syntax to use near 'and recommend=1 limit 0,5' at line 1. The SQL statement executed was: select * from h_house where lp_dol<3000000 and lp_dol > 1000000 and id!= and recommend=1 limit 0,5.
2016/11/17 15:48:21 [error] [exception.CDbException] exception 'CDbException' with message 'CDbCommand 无法执行 SQL 语句: SQLSTATE[42000]: Syntax error or access violation: 1064 You have an error in your SQL syntax; check the manual that corresponds to your MySQL server version for the right syntax to use near 'and recommend=1 limit 0,5' at line 1. The SQL statement executed was: select * from h_house where lp_dol<3000000 and lp_dol > 1000000 and id!= and recommend=1 limit 0,5' in /var/www/html/framework/yiilite.php:9510
Stack trace:
#0 /var/www/html/framework/yiilite.php(9429): CDbCommand->queryInternal('', 0, Array)
#1 /var/www/html/themes/house/views/house/view.php(1386): CDbCommand->query()
#2 /var/www/html/framework/yiilite.php(3493): require('/var/www/html/t...')
#3 /var/www/html/framework/yiilite.php(3472): CBaseController->renderInternal('/var/www/html/t...', Array, true)
#4 /var/www/html/framework/yiilite.php(3904): CBaseController->renderFile('/var/www/html/t...', Array, true)
#5 /var/www/html/framework/yiilite.php(3872): CController->renderPartial('view', Array, true)
#6 /var/www/html/protected/controllers/HouseController.php(544): CController->render('view', Array)
#7 [internal function]: HouseController->actionView('139262')
#8 /var/www/html/framework/yiilite.php(4121): ReflectionMethod->invokeArgs(Object(HouseController), Array)
#9 /var/www/html/framework/yiilite.php(4138): CAction->runWithParamsInternal(Object(HouseController), Object(ReflectionMethod), Array)
#10 /var/www/html/framework/yiilite.php(3652): CInlineAction->runWithParams(Array)
#11 /var/www/html/framework/yiilite.php(3637): CController->runAction(Object(CInlineAction))
#12 /var/www/html/framework/yiilite.php(3627): CController->runActionWithFilters(Object(CInlineAction), Array)
#13 /var/www/html/framework/yiilite.php(1761): CController->run('view')
#14 /var/www/html/framework/yiilite.php(1681): CWebApplication->runController('house/view')
#15 /var/www/html/framework/yiilite.php(1202): CWebApplication->processRequest()
#16 /var/www/html/index.php(23): CApplication->run()
#17 {main}
REQUEST_URI=/index.php?r=house/view&id=139262&cd1=0&cd2=0&cd3=0&cd4=0&cd5=100-150&cd6=0&cd7=4&cd8=1&cd9=0&cd10=0&cd11=0&cd12=0&cd12_2=0&cd12_3=0&cd12_4=0&cd12_5=0&cd13=5&cd14=0&cd15=0&cd16=0&cd17=0&cd18=0
---
2016/11/17 15:48:38 [error] [system.db.CDbCommand] CDbCommand::() failed: SQLSTATE[42000]: Syntax error or access violation: 1064 You have an error in your SQL syntax; check the manual that corresponds to your MySQL server version for the right syntax to use near 'and recommend=1 limit 0,5' at line 1. The SQL statement executed was: select * from h_house where lp_dol<3000000 and lp_dol > 1000000 and id!= and recommend=1 limit 0,5.
2016/11/17 15:48:38 [error] [exception.CDbException] exception 'CDbException' with message 'CDbCommand 无法执行 SQL 语句: SQLSTATE[42000]: Syntax error or access violation: 1064 You have an error in your SQL syntax; check the manual that corresponds to your MySQL server version for the right syntax to use near 'and recommend=1 limit 0,5' at line 1. The SQL statement executed was: select * from h_house where lp_dol<3000000 and lp_dol > 1000000 and id!= and recommend=1 limit 0,5' in /var/www/html/framework/yiilite.php:9510
Stack trace:
#0 /var/www/html/framework/yiilite.php(9429): CDbCommand->queryInternal('', 0, Array)
#1 /var/www/html/themes/house/views/house/view.php(1386): CDbCommand->query()
#2 /var/www/html/framework/yiilite.php(3493): require('/var/www/html/t...')
#3 /var/www/html/framework/yiilite.php(3472): CBaseController->renderInternal('/var/www/html/t...', Array, true)
#4 /var/www/html/framework/yiilite.php(3904): CBaseController->renderFile('/var/www/html/t...', Array, true)
#5 /var/www/html/framework/yiilite.php(3872): CController->renderPartial('view', Array, true)
#6 /var/www/html/protected/controllers/HouseController.php(544): CController->render('view', Array)
#7 [internal function]: HouseController->actionView('13974')
#8 /var/www/html/framework/yiilite.php(4121): ReflectionMethod->invokeArgs(Object(HouseController), Array)
#9 /var/www/html/framework/yiilite.php(4138): CAction->runWithParamsInternal(Object(HouseController), Object(ReflectionMethod), Array)
#10 /var/www/html/framework/yiilite.php(3652): CInlineAction->runWithParams(Array)
#11 /var/www/html/framework/yiilite.php(3637): CController->runAction(Object(CInlineAction))
#12 /var/www/html/framework/yiilite.php(3627): CController->runActionWithFilters(Object(CInlineAction), Array)
#13 /var/www/html/framework/yiilite.php(1761): CController->run('view')
#14 /var/www/html/framework/yiilite.php(1681): CWebApplication->runController('house/view')
#15 /var/www/html/framework/yiilite.php(1202): CWebApplication->processRequest()
#16 /var/www/html/index.php(23): CApplication->run()
#17 {main}
REQUEST_URI=/index.php?r=house/view&id=13974&cd1=0&cd2=0&cd3=0&cd4=0&cd5=0&cd6=0&cd7=0&cd8=0&cd9=0&cd10=0&cd11=0&cd12=0&cd12_2=0&cd12_3=0&cd12_4=0&cd12_5=0&cd13=0&cd14=0&cd15=0&cd16=3&cd17=0&cd18=0
---
2016/11/17 15:49:11 [error] [system.db.CDbCommand] CDbCommand::() failed: SQLSTATE[42000]: Syntax error or access violation: 1064 You have an error in your SQL syntax; check the manual that corresponds to your MySQL server version for the right syntax to use near 'and recommend=1 limit 0,5' at line 1. The SQL statement executed was: select * from h_house where lp_dol<3000000 and lp_dol > 1000000 and id!= and recommend=1 limit 0,5.
2016/11/17 15:49:11 [error] [exception.CDbException] exception 'CDbException' with message 'CDbCommand 无法执行 SQL 语句: SQLSTATE[42000]: Syntax error or access violation: 1064 You have an error in your SQL syntax; check the manual that corresponds to your MySQL server version for the right syntax to use near 'and recommend=1 limit 0,5' at line 1. The SQL statement executed was: select * from h_house where lp_dol<3000000 and lp_dol > 1000000 and id!= and recommend=1 limit 0,5' in /var/www/html/framework/yiilite.php:9510
Stack trace:
#0 /var/www/html/framework/yiilite.php(9429): CDbCommand->queryInternal('', 0, Array)
#1 /var/www/html/themes/house/views/house/view.php(1386): CDbCommand->query()
#2 /var/www/html/framework/yiilite.php(3493): require('/var/www/html/t...')
#3 /var/www/html/framework/yiilite.php(3472): CBaseController->renderInternal('/var/www/html/t...', Array, true)
#4 /var/www/html/framework/yiilite.php(3904): CBaseController->renderFile('/var/www/html/t...', Array, true)
#5 /var/www/html/framework/yiilite.php(3872): CController->renderPartial('view', Array, true)
#6 /var/www/html/protected/controllers/HouseController.php(544): CController->render('view', Array)
#7 [internal function]: HouseController->actionView('129457')
#8 /var/www/html/framework/yiilite.php(4121): ReflectionMethod->invokeArgs(Object(HouseController), Array)
#9 /var/www/html/framework/yiilite.php(4138): CAction->runWithParamsInternal(Object(HouseController), Object(ReflectionMethod), Array)
#10 /var/www/html/framework/yiilite.php(3652): CInlineAction->runWithParams(Array)
#11 /var/www/html/framework/yiilite.php(3637): CController->runAction(Object(CInlineAction))
#12 /var/www/html/framework/yiilite.php(3627): CController->runActionWithFilters(Object(CInlineAction), Array)
#13 /var/www/html/framework/yiilite.php(1761): CController->run('view')
#14 /var/www/html/framework/yiilite.php(1681): CWebApplication->runController('house/view')
#15 /var/www/html/framework/yiilite.php(1202): CWebApplication->processRequest()
#16 /var/www/html/index.php(23): CApplication->run()
#17 {main}
REQUEST_URI=/index.php?r=house/view&id=129457&cd1=8&cd2=0&cd3=4&cd4=2&cd5=&cd6=&cd7=&cd8=&cd9=&cd10=&cd11=&cd12=&cd12_2=&cd12_3=&cd12_4=&cd12_5=&cd13=&cd14=&cd15=&cd16=&cd17=&cd18=&page=
---
2016/11/17 15:50:01 [error] [system.db.CDbCommand] CDbCommand::() failed: SQLSTATE[42000]: Syntax error or access violation: 1064 You have an error in your SQL syntax; check the manual that corresponds to your MySQL server version for the right syntax to use near 'and recommend=1 limit 0,5' at line 1. The SQL statement executed was: select * from h_house where lp_dol<3000000 and lp_dol > 1000000 and id!= and recommend=1 limit 0,5.
2016/11/17 15:50:01 [error] [exception.CDbException] exception 'CDbException' with message 'CDbCommand 无法执行 SQL 语句: SQLSTATE[42000]: Syntax error or access violation: 1064 You have an error in your SQL syntax; check the manual that corresponds to your MySQL server version for the right syntax to use near 'and recommend=1 limit 0,5' at line 1. The SQL statement executed was: select * from h_house where lp_dol<3000000 and lp_dol > 1000000 and id!= and recommend=1 limit 0,5' in /var/www/html/framework/yiilite.php:9510
Stack trace:
#0 /var/www/html/framework/yiilite.php(9429): CDbCommand->queryInternal('', 0, Array)
#1 /var/www/html/themes/house/views/house/view.php(1386): CDbCommand->query()
#2 /var/www/html/framework/yiilite.php(3493): require('/var/www/html/t...')
#3 /var/www/html/framework/yiilite.php(3472): CBaseController->renderInternal('/var/www/html/t...', Array, true)
#4 /var/www/html/framework/yiilite.php(3904): CBaseController->renderFile('/var/www/html/t...', Array, true)
#5 /var/www/html/framework/yiilite.php(3872): CController->renderPartial('view', Array, true)
#6 /var/www/html/protected/controllers/HouseController.php(544): CController->render('view', Array)
#7 [internal function]: HouseController->actionView('13851')
#8 /var/www/html/framework/yiilite.php(4121): ReflectionMethod->invokeArgs(Object(HouseController), Array)
#9 /var/www/html/framework/yiilite.php(4138): CAction->runWithParamsInternal(Object(HouseController), Object(ReflectionMethod), Array)
#10 /var/www/html/framework/yiilite.php(3652): CInlineAction->runWithParams(Array)
#11 /var/www/html/framework/yiilite.php(3637): CController->runAction(Object(CInlineAction))
#12 /var/www/html/framework/yiilite.php(3627): CController->runActionWithFilters(Object(CInlineAction), Array)
#13 /var/www/html/framework/yiilite.php(1761): CController->run('view')
#14 /var/www/html/framework/yiilite.php(1681): CWebApplication->runController('house/view')
#15 /var/www/html/framework/yiilite.php(1202): CWebApplication->processRequest()
#16 /var/www/html/index.php(23): CApplication->run()
#17 {main}
REQUEST_URI=/index.php?r=house/view&id=13851
---
2016/11/17 15:52:18 [error] [system.db.CDbCommand] CDbCommand::() failed: SQLSTATE[42000]: Syntax error or access violation: 1064 You have an error in your SQL syntax; check the manual that corresponds to your MySQL server version for the right syntax to use near 'and recommend=1 limit 0,5' at line 1. The SQL statement executed was: select * from h_house where lp_dol<3000000 and lp_dol > 1000000 and id!= and recommend=1 limit 0,5.
2016/11/17 15:52:18 [error] [exception.CDbException] exception 'CDbException' with message 'CDbCommand 无法执行 SQL 语句: SQLSTATE[42000]: Syntax error or access violation: 1064 You have an error in your SQL syntax; check the manual that corresponds to your MySQL server version for the right syntax to use near 'and recommend=1 limit 0,5' at line 1. The SQL statement executed was: select * from h_house where lp_dol<3000000 and lp_dol > 1000000 and id!= and recommend=1 limit 0,5' in /var/www/html/framework/yiilite.php:9510
Stack trace:
#0 /var/www/html/framework/yiilite.php(9429): CDbCommand->queryInternal('', 0, Array)
#1 /var/www/html/themes/house/views/house/view.php(1386): CDbCommand->query()
#2 /var/www/html/framework/yiilite.php(3493): require('/var/www/html/t...')
#3 /var/www/html/framework/yiilite.php(3472): CBaseController->renderInternal('/var/www/html/t...', Array, true)
#4 /var/www/html/framework/yiilite.php(3904): CBaseController->renderFile('/var/www/html/t...', Array, true)
#5 /var/www/html/framework/yiilite.php(3872): CController->renderPartial('view', Array, true)
#6 /var/www/html/protected/controllers/HouseController.php(544): CController->render('view', Array)
#7 [internal function]: HouseController->actionView('15267')
#8 /var/www/html/framework/yiilite.php(4121): ReflectionMethod->invokeArgs(Object(HouseController), Array)
#9 /var/www/html/framework/yiilite.php(4138): CAction->runWithParamsInternal(Object(HouseController), Object(ReflectionMethod), Array)
#10 /var/www/html/framework/yiilite.php(3652): CInlineAction->runWithParams(Array)
#11 /var/www/html/framework/yiilite.php(3637): CController->runAction(Object(CInlineAction))
#12 /var/www/html/framework/yiilite.php(3627): CController->runActionWithFilters(Object(CInlineAction), Array)
#13 /var/www/html/framework/yiilite.php(1761): CController->run('view')
#14 /var/www/html/framework/yiilite.php(1681): CWebApplication->runController('house/view')
#15 /var/www/html/framework/yiilite.php(1202): CWebApplication->processRequest()
#16 /var/www/html/index.php(23): CApplication->run()
#17 {main}
REQUEST_URI=/index.php?r=house/view&id=15267&cd1=0&cd2=0&cd3=3&cd4=7&cd5=&cd6=0&cd7=0&cd8=0&cd9=0&cd10=0&cd11=0&cd12=0&cd12_2=1&cd12_3=0&cd12_4=0&cd12_5=0&cd13=0&cd14=0&cd15=0&cd16=0&cd17=0&cd18=0
---
2016/11/17 15:54:51 [error] [system.db.CDbCommand] CDbCommand::() failed: SQLSTATE[42000]: Syntax error or access violation: 1064 You have an error in your SQL syntax; check the manual that corresponds to your MySQL server version for the right syntax to use near 'and recommend=1 limit 0,5' at line 1. The SQL statement executed was: select * from h_house where lp_dol<3000000 and lp_dol > 1000000 and id!= and recommend=1 limit 0,5.
2016/11/17 15:54:51 [error] [exception.CDbException] exception 'CDbException' with message 'CDbCommand 无法执行 SQL 语句: SQLSTATE[42000]: Syntax error or access violation: 1064 You have an error in your SQL syntax; check the manual that corresponds to your MySQL server version for the right syntax to use near 'and recommend=1 limit 0,5' at line 1. The SQL statement executed was: select * from h_house where lp_dol<3000000 and lp_dol > 1000000 and id!= and recommend=1 limit 0,5' in /var/www/html/framework/yiilite.php:9510
Stack trace:
#0 /var/www/html/framework/yiilite.php(9429): CDbCommand->queryInternal('', 0, Array)
#1 /var/www/html/themes/house/views/house/view.php(1386): CDbCommand->query()
#2 /var/www/html/framework/yiilite.php(3493): require('/var/www/html/t...')
#3 /var/www/html/framework/yiilite.php(3472): CBaseController->renderInternal('/var/www/html/t...', Array, true)
#4 /var/www/html/framework/yiilite.php(3904): CBaseController->renderFile('/var/www/html/t...', Array, true)
#5 /var/www/html/framework/yiilite.php(3872): CController->renderPartial('view', Array, true)
#6 /var/www/html/protected/controllers/HouseController.php(544): CController->render('view', Array)
#7 [internal function]: HouseController->actionView('126315')
#8 /var/www/html/framework/yiilite.php(4121): ReflectionMethod->invokeArgs(Object(HouseController), Array)
#9 /var/www/html/framework/yiilite.php(4138): CAction->runWithParamsInternal(Object(HouseController), Object(ReflectionMethod), Array)
#10 /var/www/html/framework/yiilite.php(3652): CInlineAction->runWithParams(Array)
#11 /var/www/html/framework/yiilite.php(3637): CController->runAction(Object(CInlineAction))
#12 /var/www/html/framework/yiilite.php(3627): CController->runActionWithFilters(Object(CInlineAction), Array)
#13 /var/www/html/framework/yiilite.php(1761): CController->run('view')
#14 /var/www/html/framework/yiilite.php(1681): CWebApplication->runController('house/view')
#15 /var/www/html/framework/yiilite.php(1202): CWebApplication->processRequest()
#16 /var/www/html/index.php(23): CApplication->run()
#17 {main}
REQUEST_URI=/index.php?r=house/view&id=126315&cd1=8&cd2=0&cd3=4&cd4=2&cd5=&cd6=&cd7=&cd8=&cd9=&cd10=&cd11=&cd12=&cd12_2=&cd12_3=&cd12_4=&cd12_5=&cd13=&cd14=&cd15=&cd16=&cd17=&cd18=
---
2016/11/17 15:57:53 [error] [system.db.CDbCommand] CDbCommand::() failed: SQLSTATE[42000]: Syntax error or access violation: 1064 You have an error in your SQL syntax; check the manual that corresponds to your MySQL server version for the right syntax to use near 'and recommend=1 limit 0,5' at line 1. The SQL statement executed was: select * from h_house where lp_dol<3000000 and lp_dol > 1000000 and id!= and recommend=1 limit 0,5.
2016/11/17 15:57:53 [error] [exception.CDbException] exception 'CDbException' with message 'CDbCommand 无法执行 SQL 语句: SQLSTATE[42000]: Syntax error or access violation: 1064 You have an error in your SQL syntax; check the manual that corresponds to your MySQL server version for the right syntax to use near 'and recommend=1 limit 0,5' at line 1. The SQL statement executed was: select * from h_house where lp_dol<3000000 and lp_dol > 1000000 and id!= and recommend=1 limit 0,5' in /var/www/html/framework/yiilite.php:9510
Stack trace:
#0 /var/www/html/framework/yiilite.php(9429): CDbCommand->queryInternal('', 0, Array)
#1 /var/www/html/themes/house/views/house/view.php(1386): CDbCommand->query()
#2 /var/www/html/framework/yiilite.php(3493): require('/var/www/html/t...')
#3 /var/www/html/framework/yiilite.php(3472): CBaseController->renderInternal('/var/www/html/t...', Array, true)
#4 /var/www/html/framework/yiilite.php(3904): CBaseController->renderFile('/var/www/html/t...', Array, true)
#5 /var/www/html/framework/yiilite.php(3872): CController->renderPartial('view', Array, true)
#6 /var/www/html/protected/controllers/HouseController.php(544): CController->render('view', Array)
#7 [internal function]: HouseController->actionView('14510')
#8 /var/www/html/framework/yiilite.php(4121): ReflectionMethod->invokeArgs(Object(HouseController), Array)
#9 /var/www/html/framework/yiilite.php(4138): CAction->runWithParamsInternal(Object(HouseController), Object(ReflectionMethod), Array)
#10 /var/www/html/framework/yiilite.php(3652): CInlineAction->runWithParams(Array)
#11 /var/www/html/framework/yiilite.php(3637): CController->runAction(Object(CInlineAction))
#12 /var/www/html/framework/yiilite.php(3627): CController->runActionWithFilters(Object(CInlineAction), Array)
#13 /var/www/html/framework/yiilite.php(1761): CController->run('view')
#14 /var/www/html/framework/yiilite.php(1681): CWebApplication->runController('house/view')
#15 /var/www/html/framework/yiilite.php(1202): CWebApplication->processRequest()
#16 /var/www/html/index.php(23): CApplication->run()
#17 {main}
REQUEST_URI=/index.php?r=house/view&id=14510
---
2016/11/17 15:57:58 [error] [system.db.CDbCommand] CDbCommand::() failed: SQLSTATE[42000]: Syntax error or access violation: 1064 You have an error in your SQL syntax; check the manual that corresponds to your MySQL server version for the right syntax to use near 'and recommend=1 limit 0,5' at line 1. The SQL statement executed was: select * from h_house where lp_dol<3000000 and lp_dol > 1000000 and id!= and recommend=1 limit 0,5.
2016/11/17 15:57:58 [error] [exception.CDbException] exception 'CDbException' with message 'CDbCommand 无法执行 SQL 语句: SQLSTATE[42000]: Syntax error or access violation: 1064 You have an error in your SQL syntax; check the manual that corresponds to your MySQL server version for the right syntax to use near 'and recommend=1 limit 0,5' at line 1. The SQL statement executed was: select * from h_house where lp_dol<3000000 and lp_dol > 1000000 and id!= and recommend=1 limit 0,5' in /var/www/html/framework/yiilite.php:9510
Stack trace:
#0 /var/www/html/framework/yiilite.php(9429): CDbCommand->queryInternal('', 0, Array)
#1 /var/www/html/themes/house/views/house/view.php(1386): CDbCommand->query()
#2 /var/www/html/framework/yiilite.php(3493): require('/var/www/html/t...')
#3 /var/www/html/framework/yiilite.php(3472): CBaseController->renderInternal('/var/www/html/t...', Array, true)
#4 /var/www/html/framework/yiilite.php(3904): CBaseController->renderFile('/var/www/html/t...', Array, true)
#5 /var/www/html/framework/yiilite.php(3872): CController->renderPartial('view', Array, true)
#6 /var/www/html/protected/controllers/HouseController.php(544): CController->render('view', Array)
#7 [internal function]: HouseController->actionView('128957')
#8 /var/www/html/framework/yiilite.php(4121): ReflectionMethod->invokeArgs(Object(HouseController), Array)
#9 /var/www/html/framework/yiilite.php(4138): CAction->runWithParamsInternal(Object(HouseController), Object(ReflectionMethod), Array)
#10 /var/www/html/framework/yiilite.php(3652): CInlineAction->runWithParams(Array)
#11 /var/www/html/framework/yiilite.php(3637): CController->runAction(Object(CInlineAction))
#12 /var/www/html/framework/yiilite.php(3627): CController->runActionWithFilters(Object(CInlineAction), Array)
#13 /var/www/html/framework/yiilite.php(1761): CController->run('view')
#14 /var/www/html/framework/yiilite.php(1681): CWebApplication->runController('house/view')
#15 /var/www/html/framework/yiilite.php(1202): CWebApplication->processRequest()
#16 /var/www/html/index.php(23): CApplication->run()
#17 {main}
REQUEST_URI=/index.php?r=house/view&id=128957&cd1=4&cd2=0&cd3=0&cd4=8&cd5=&cd6=&cd7=&cd8=&cd9=&cd10=&cd11=&cd12=&cd12_2=&cd12_3=&cd12_4=&cd12_5=&cd13=&cd14=&cd15=&cd16=&cd17=&cd18=2
---
2016/11/17 15:58:30 [error] [system.db.CDbCommand] CDbCommand::() failed: SQLSTATE[42000]: Syntax error or access violation: 1064 You have an error in your SQL syntax; check the manual that corresponds to your MySQL server version for the right syntax to use near 'and recommend=1 limit 0,5' at line 1. The SQL statement executed was: select * from h_house where lp_dol<3000000 and lp_dol > 1000000 and id!= and recommend=1 limit 0,5.
2016/11/17 15:58:30 [error] [exception.CDbException] exception 'CDbException' with message 'CDbCommand 无法执行 SQL 语句: SQLSTATE[42000]: Syntax error or access violation: 1064 You have an error in your SQL syntax; check the manual that corresponds to your MySQL server version for the right syntax to use near 'and recommend=1 limit 0,5' at line 1. The SQL statement executed was: select * from h_house where lp_dol<3000000 and lp_dol > 1000000 and id!= and recommend=1 limit 0,5' in /var/www/html/framework/yiilite.php:9510
Stack trace:
#0 /var/www/html/framework/yiilite.php(9429): CDbCommand->queryInternal('', 0, Array)
#1 /var/www/html/themes/house/views/house/view.php(1386): CDbCommand->query()
#2 /var/www/html/framework/yiilite.php(3493): require('/var/www/html/t...')
#3 /var/www/html/framework/yiilite.php(3472): CBaseController->renderInternal('/var/www/html/t...', Array, true)
#4 /var/www/html/framework/yiilite.php(3904): CBaseController->renderFile('/var/www/html/t...', Array, true)
#5 /var/www/html/framework/yiilite.php(3872): CController->renderPartial('view', Array, true)
#6 /var/www/html/protected/controllers/HouseController.php(544): CController->render('view', Array)
#7 [internal function]: HouseController->actionView('125962')
#8 /var/www/html/framework/yiilite.php(4121): ReflectionMethod->invokeArgs(Object(HouseController), Array)
#9 /var/www/html/framework/yiilite.php(4138): CAction->runWithParamsInternal(Object(HouseController), Object(ReflectionMethod), Array)
#10 /var/www/html/framework/yiilite.php(3652): CInlineAction->runWithParams(Array)
#11 /var/www/html/framework/yiilite.php(3637): CController->runAction(Object(CInlineAction))
#12 /var/www/html/framework/yiilite.php(3627): CController->runActionWithFilters(Object(CInlineAction), Array)
#13 /var/www/html/framework/yiilite.php(1761): CController->run('view')
#14 /var/www/html/framework/yiilite.php(1681): CWebApplication->runController('house/view')
#15 /var/www/html/framework/yiilite.php(1202): CWebApplication->processRequest()
#16 /var/www/html/index.php(23): CApplication->run()
#17 {main}
REQUEST_URI=/index.php?r=house/view&id=125962
---
2016/11/17 15:58:40 [error] [system.db.CDbCommand] CDbCommand::() failed: SQLSTATE[42000]: Syntax error or access violation: 1064 You have an error in your SQL syntax; check the manual that corresponds to your MySQL server version for the right syntax to use near 'and recommend=1 limit 0,5' at line 1. The SQL statement executed was: select * from h_house where lp_dol<3000000 and lp_dol > 1000000 and id!= and recommend=1 limit 0,5.
2016/11/17 15:58:40 [error] [exception.CDbException] exception 'CDbException' with message 'CDbCommand 无法执行 SQL 语句: SQLSTATE[42000]: Syntax error or access violation: 1064 You have an error in your SQL syntax; check the manual that corresponds to your MySQL server version for the right syntax to use near 'and recommend=1 limit 0,5' at line 1. The SQL statement executed was: select * from h_house where lp_dol<3000000 and lp_dol > 1000000 and id!= and recommend=1 limit 0,5' in /var/www/html/framework/yiilite.php:9510
Stack trace:
#0 /var/www/html/framework/yiilite.php(9429): CDbCommand->queryInternal('', 0, Array)
#1 /var/www/html/themes/house/views/house/view.php(1386): CDbCommand->query()
#2 /var/www/html/framework/yiilite.php(3493): require('/var/www/html/t...')
#3 /var/www/html/framework/yiilite.php(3472): CBaseController->renderInternal('/var/www/html/t...', Array, true)
#4 /var/www/html/framework/yiilite.php(3904): CBaseController->renderFile('/var/www/html/t...', Array, true)
#5 /var/www/html/framework/yiilite.php(3872): CController->renderPartial('view', Array, true)
#6 /var/www/html/protected/controllers/HouseController.php(544): CController->render('view', Array)
#7 [internal function]: HouseController->actionView('128169')
#8 /var/www/html/framework/yiilite.php(4121): ReflectionMethod->invokeArgs(Object(HouseController), Array)
#9 /var/www/html/framework/yiilite.php(4138): CAction->runWithParamsInternal(Object(HouseController), Object(ReflectionMethod), Array)
#10 /var/www/html/framework/yiilite.php(3652): CInlineAction->runWithParams(Array)
#11 /var/www/html/framework/yiilite.php(3637): CController->runAction(Object(CInlineAction))
#12 /var/www/html/framework/yiilite.php(3627): CController->runActionWithFilters(Object(CInlineAction), Array)
#13 /var/www/html/framework/yiilite.php(1761): CController->run('view')
#14 /var/www/html/framework/yiilite.php(1681): CWebApplication->runController('house/view')
#15 /var/www/html/framework/yiilite.php(1202): CWebApplication->processRequest()
#16 /var/www/html/index.php(23): CApplication->run()
#17 {main}
REQUEST_URI=/index.php?r=house/view&id=128169
---
2016/11/17 15:58:52 [error] [system.db.CDbCommand] CDbCommand::() failed: SQLSTATE[42000]: Syntax error or access violation: 1064 You have an error in your SQL syntax; check the manual that corresponds to your MySQL server version for the right syntax to use near 'and recommend=1 limit 0,5' at line 1. The SQL statement executed was: select * from h_house where lp_dol<3000000 and lp_dol > 1000000 and id!= and recommend=1 limit 0,5.
2016/11/17 15:58:52 [error] [exception.CDbException] exception 'CDbException' with message 'CDbCommand 无法执行 SQL 语句: SQLSTATE[42000]: Syntax error or access violation: 1064 You have an error in your SQL syntax; check the manual that corresponds to your MySQL server version for the right syntax to use near 'and recommend=1 limit 0,5' at line 1. The SQL statement executed was: select * from h_house where lp_dol<3000000 and lp_dol > 1000000 and id!= and recommend=1 limit 0,5' in /var/www/html/framework/yiilite.php:9510
Stack trace:
#0 /var/www/html/framework/yiilite.php(9429): CDbCommand->queryInternal('', 0, Array)
#1 /var/www/html/themes/house/views/house/view.php(1386): CDbCommand->query()
#2 /var/www/html/framework/yiilite.php(3493): require('/var/www/html/t...')
#3 /var/www/html/framework/yiilite.php(3472): CBaseController->renderInternal('/var/www/html/t...', Array, true)
#4 /var/www/html/framework/yiilite.php(3904): CBaseController->renderFile('/var/www/html/t...', Array, true)
#5 /var/www/html/framework/yiilite.php(3872): CController->renderPartial('view', Array, true)
#6 /var/www/html/protected/controllers/HouseController.php(544): CController->render('view', Array)
#7 [internal function]: HouseController->actionView('127836')
#8 /var/www/html/framework/yiilite.php(4121): ReflectionMethod->invokeArgs(Object(HouseController), Array)
#9 /var/www/html/framework/yiilite.php(4138): CAction->runWithParamsInternal(Object(HouseController), Object(ReflectionMethod), Array)
#10 /var/www/html/framework/yiilite.php(3652): CInlineAction->runWithParams(Array)
#11 /var/www/html/framework/yiilite.php(3637): CController->runAction(Object(CInlineAction))
#12 /var/www/html/framework/yiilite.php(3627): CController->runActionWithFilters(Object(CInlineAction), Array)
#13 /var/www/html/framework/yiilite.php(1761): CController->run('view')
#14 /var/www/html/framework/yiilite.php(1681): CWebApplication->runController('house/view')
#15 /var/www/html/framework/yiilite.php(1202): CWebApplication->processRequest()
#16 /var/www/html/index.php(23): CApplication->run()
#17 {main}
REQUEST_URI=/index.php?r=house/view&id=127836
---
2016/11/17 15:59:02 [error] [system.db.CDbCommand] CDbCommand::() failed: SQLSTATE[42000]: Syntax error or access violation: 1064 You have an error in your SQL syntax; check the manual that corresponds to your MySQL server version for the right syntax to use near 'and recommend=1 limit 0,5' at line 1. The SQL statement executed was: select * from h_house where lp_dol<3000000 and lp_dol > 1000000 and id!= and recommend=1 limit 0,5.
2016/11/17 15:59:02 [error] [exception.CDbException] exception 'CDbException' with message 'CDbCommand 无法执行 SQL 语句: SQLSTATE[42000]: Syntax error or access violation: 1064 You have an error in your SQL syntax; check the manual that corresponds to your MySQL server version for the right syntax to use near 'and recommend=1 limit 0,5' at line 1. The SQL statement executed was: select * from h_house where lp_dol<3000000 and lp_dol > 1000000 and id!= and recommend=1 limit 0,5' in /var/www/html/framework/yiilite.php:9510
Stack trace:
#0 /var/www/html/framework/yiilite.php(9429): CDbCommand->queryInternal('', 0, Array)
#1 /var/www/html/themes/house/views/house/view.php(1386): CDbCommand->query()
#2 /var/www/html/framework/yiilite.php(3493): require('/var/www/html/t...')
#3 /var/www/html/framework/yiilite.php(3472): CBaseController->renderInternal('/var/www/html/t...', Array, true)
#4 /var/www/html/framework/yiilite.php(3904): CBaseController->renderFile('/var/www/html/t...', Array, true)
#5 /var/www/html/framework/yiilite.php(3872): CController->renderPartial('view', Array, true)
#6 /var/www/html/protected/controllers/HouseController.php(544): CController->render('view', Array)
#7 [internal function]: HouseController->actionView('125464')
#8 /var/www/html/framework/yiilite.php(4121): ReflectionMethod->invokeArgs(Object(HouseController), Array)
#9 /var/www/html/framework/yiilite.php(4138): CAction->runWithParamsInternal(Object(HouseController), Object(ReflectionMethod), Array)
#10 /var/www/html/framework/yiilite.php(3652): CInlineAction->runWithParams(Array)
#11 /var/www/html/framework/yiilite.php(3637): CController->runAction(Object(CInlineAction))
#12 /var/www/html/framework/yiilite.php(3627): CController->runActionWithFilters(Object(CInlineAction), Array)
#13 /var/www/html/framework/yiilite.php(1761): CController->run('view')
#14 /var/www/html/framework/yiilite.php(1681): CWebApplication->runController('house/view')
#15 /var/www/html/framework/yiilite.php(1202): CWebApplication->processRequest()
#16 /var/www/html/index.php(23): CApplication->run()
#17 {main}
REQUEST_URI=/index.php?r=house/view&id=125464
---
2016/11/17 15:59:13 [error] [system.db.CDbCommand] CDbCommand::() failed: SQLSTATE[42000]: Syntax error or access violation: 1064 You have an error in your SQL syntax; check the manual that corresponds to your MySQL server version for the right syntax to use near 'and recommend=1 limit 0,5' at line 1. The SQL statement executed was: select * from h_house where lp_dol<3000000 and lp_dol > 1000000 and id!= and recommend=1 limit 0,5.
2016/11/17 15:59:13 [error] [exception.CDbException] exception 'CDbException' with message 'CDbCommand 无法执行 SQL 语句: SQLSTATE[42000]: Syntax error or access violation: 1064 You have an error in your SQL syntax; check the manual that corresponds to your MySQL server version for the right syntax to use near 'and recommend=1 limit 0,5' at line 1. The SQL statement executed was: select * from h_house where lp_dol<3000000 and lp_dol > 1000000 and id!= and recommend=1 limit 0,5' in /var/www/html/framework/yiilite.php:9510
Stack trace:
#0 /var/www/html/framework/yiilite.php(9429): CDbCommand->queryInternal('', 0, Array)
#1 /var/www/html/themes/house/views/house/view.php(1386): CDbCommand->query()
#2 /var/www/html/framework/yiilite.php(3493): require('/var/www/html/t...')
#3 /var/www/html/framework/yiilite.php(3472): CBaseController->renderInternal('/var/www/html/t...', Array, true)
#4 /var/www/html/framework/yiilite.php(3904): CBaseController->renderFile('/var/www/html/t...', Array, true)
#5 /var/www/html/framework/yiilite.php(3872): CController->renderPartial('view', Array, true)
#6 /var/www/html/protected/controllers/HouseController.php(544): CController->render('view', Array)
#7 [internal function]: HouseController->actionView('125242')
#8 /var/www/html/framework/yiilite.php(4121): ReflectionMethod->invokeArgs(Object(HouseController), Array)
#9 /var/www/html/framework/yiilite.php(4138): CAction->runWithParamsInternal(Object(HouseController), Object(ReflectionMethod), Array)
#10 /var/www/html/framework/yiilite.php(3652): CInlineAction->runWithParams(Array)
#11 /var/www/html/framework/yiilite.php(3637): CController->runAction(Object(CInlineAction))
#12 /var/www/html/framework/yiilite.php(3627): CController->runActionWithFilters(Object(CInlineAction), Array)
#13 /var/www/html/framework/yiilite.php(1761): CController->run('view')
#14 /var/www/html/framework/yiilite.php(1681): CWebApplication->runController('house/view')
#15 /var/www/html/framework/yiilite.php(1202): CWebApplication->processRequest()
#16 /var/www/html/index.php(23): CApplication->run()
#17 {main}
REQUEST_URI=/index.php?r=house/view&id=125242
---
2016/11/17 16:08:16 [error] [system.db.CDbCommand] CDbCommand::() failed: SQLSTATE[42000]: Syntax error or access violation: 1064 You have an error in your SQL syntax; check the manual that corresponds to your MySQL server version for the right syntax to use near 'and recommend=1 limit 0,5' at line 1. The SQL statement executed was: select * from h_house where lp_dol<3000000 and lp_dol > 1000000 and id!= and recommend=1 limit 0,5.
2016/11/17 16:08:16 [error] [exception.CDbException] exception 'CDbException' with message 'CDbCommand 无法执行 SQL 语句: SQLSTATE[42000]: Syntax error or access violation: 1064 You have an error in your SQL syntax; check the manual that corresponds to your MySQL server version for the right syntax to use near 'and recommend=1 limit 0,5' at line 1. The SQL statement executed was: select * from h_house where lp_dol<3000000 and lp_dol > 1000000 and id!= and recommend=1 limit 0,5' in /var/www/html/framework/yiilite.php:9510
Stack trace:
#0 /var/www/html/framework/yiilite.php(9429): CDbCommand->queryInternal('', 0, Array)
#1 /var/www/html/themes/house/views/house/view.php(1386): CDbCommand->query()
#2 /var/www/html/framework/yiilite.php(3493): require('/var/www/html/t...')
#3 /var/www/html/framework/yiilite.php(3472): CBaseController->renderInternal('/var/www/html/t...', Array, true)
#4 /var/www/html/framework/yiilite.php(3904): CBaseController->renderFile('/var/www/html/t...', Array, true)
#5 /var/www/html/framework/yiilite.php(3872): CController->renderPartial('view', Array, true)
#6 /var/www/html/protected/controllers/HouseController.php(544): CController->render('view', Array)
#7 [internal function]: HouseController->actionView('123225')
#8 /var/www/html/framework/yiilite.php(4121): ReflectionMethod->invokeArgs(Object(HouseController), Array)
#9 /var/www/html/framework/yiilite.php(4138): CAction->runWithParamsInternal(Object(HouseController), Object(ReflectionMethod), Array)
#10 /var/www/html/framework/yiilite.php(3652): CInlineAction->runWithParams(Array)
#11 /var/www/html/framework/yiilite.php(3637): CController->runAction(Object(CInlineAction))
#12 /var/www/html/framework/yiilite.php(3627): CController->runActionWithFilters(Object(CInlineAction), Array)
#13 /var/www/html/framework/yiilite.php(1761): CController->run('view')
#14 /var/www/html/framework/yiilite.php(1681): CWebApplication->runController('house/view')
#15 /var/www/html/framework/yiilite.php(1202): CWebApplication->processRequest()
#16 /var/www/html/index.php(23): CApplication->run()
#17 {main}
REQUEST_URI=/index.php?r=house/view&id=123225
---
2016/11/17 16:09:03 [error] [system.db.CDbCommand] CDbCommand::() failed: SQLSTATE[42000]: Syntax error or access violation: 1064 You have an error in your SQL syntax; check the manual that corresponds to your MySQL server version for the right syntax to use near 'and recommend=1 limit 0,5' at line 1. The SQL statement executed was: select * from h_house where lp_dol<3000000 and lp_dol > 1000000 and id!= and recommend=1 limit 0,5.
2016/11/17 16:09:03 [error] [exception.CDbException] exception 'CDbException' with message 'CDbCommand 无法执行 SQL 语句: SQLSTATE[42000]: Syntax error or access violation: 1064 You have an error in your SQL syntax; check the manual that corresponds to your MySQL server version for the right syntax to use near 'and recommend=1 limit 0,5' at line 1. The SQL statement executed was: select * from h_house where lp_dol<3000000 and lp_dol > 1000000 and id!= and recommend=1 limit 0,5' in /var/www/html/framework/yiilite.php:9510
Stack trace:
#0 /var/www/html/framework/yiilite.php(9429): CDbCommand->queryInternal('', 0, Array)
#1 /var/www/html/themes/house/views/house/view.php(1386): CDbCommand->query()
#2 /var/www/html/framework/yiilite.php(3493): require('/var/www/html/t...')
#3 /var/www/html/framework/yiilite.php(3472): CBaseController->renderInternal('/var/www/html/t...', Array, true)
#4 /var/www/html/framework/yiilite.php(3904): CBaseController->renderFile('/var/www/html/t...', Array, true)
#5 /var/www/html/framework/yiilite.php(3872): CController->renderPartial('view', Array, true)
#6 /var/www/html/protected/controllers/HouseController.php(544): CController->render('view', Array)
#7 [internal function]: HouseController->actionView('14100')
#8 /var/www/html/framework/yiilite.php(4121): ReflectionMethod->invokeArgs(Object(HouseController), Array)
#9 /var/www/html/framework/yiilite.php(4138): CAction->runWithParamsInternal(Object(HouseController), Object(ReflectionMethod), Array)
#10 /var/www/html/framework/yiilite.php(3652): CInlineAction->runWithParams(Array)
#11 /var/www/html/framework/yiilite.php(3637): CController->runAction(Object(CInlineAction))
#12 /var/www/html/framework/yiilite.php(3627): CController->runActionWithFilters(Object(CInlineAction), Array)
#13 /var/www/html/framework/yiilite.php(1761): CController->run('view')
#14 /var/www/html/framework/yiilite.php(1681): CWebApplication->runController('house/view')
#15 /var/www/html/framework/yiilite.php(1202): CWebApplication->processRequest()
#16 /var/www/html/index.php(23): CApplication->run()
#17 {main}
REQUEST_URI=/index.php?r=house/view&id=14100
---
2016/11/17 16:09:18 [error] [system.db.CDbCommand] CDbCommand::() failed: SQLSTATE[42000]: Syntax error or access violation: 1064 You have an error in your SQL syntax; check the manual that corresponds to your MySQL server version for the right syntax to use near 'and recommend=1 limit 0,5' at line 1. The SQL statement executed was: select * from h_house where lp_dol<3000000 and lp_dol > 1000000 and id!= and recommend=1 limit 0,5.
2016/11/17 16:09:18 [error] [exception.CDbException] exception 'CDbException' with message 'CDbCommand 无法执行 SQL 语句: SQLSTATE[42000]: Syntax error or access violation: 1064 You have an error in your SQL syntax; check the manual that corresponds to your MySQL server version for the right syntax to use near 'and recommend=1 limit 0,5' at line 1. The SQL statement executed was: select * from h_house where lp_dol<3000000 and lp_dol > 1000000 and id!= and recommend=1 limit 0,5' in /var/www/html/framework/yiilite.php:9510
Stack trace:
#0 /var/www/html/framework/yiilite.php(9429): CDbCommand->queryInternal('', 0, Array)
#1 /var/www/html/themes/house/views/house/view.php(1386): CDbCommand->query()
#2 /var/www/html/framework/yiilite.php(3493): require('/var/www/html/t...')
#3 /var/www/html/framework/yiilite.php(3472): CBaseController->renderInternal('/var/www/html/t...', Array, true)
#4 /var/www/html/framework/yiilite.php(3904): CBaseController->renderFile('/var/www/html/t...', Array, true)
#5 /var/www/html/framework/yiilite.php(3872): CController->renderPartial('view', Array, true)
#6 /var/www/html/protected/controllers/HouseController.php(544): CController->render('view', Array)
#7 [internal function]: HouseController->actionView('142046')
#8 /var/www/html/framework/yiilite.php(4121): ReflectionMethod->invokeArgs(Object(HouseController), Array)
#9 /var/www/html/framework/yiilite.php(4138): CAction->runWithParamsInternal(Object(HouseController), Object(ReflectionMethod), Array)
#10 /var/www/html/framework/yiilite.php(3652): CInlineAction->runWithParams(Array)
#11 /var/www/html/framework/yiilite.php(3637): CController->runAction(Object(CInlineAction))
#12 /var/www/html/framework/yiilite.php(3627): CController->runActionWithFilters(Object(CInlineAction), Array)
#13 /var/www/html/framework/yiilite.php(1761): CController->run('view')
#14 /var/www/html/framework/yiilite.php(1681): CWebApplication->runController('house/view')
#15 /var/www/html/framework/yiilite.php(1202): CWebApplication->processRequest()
#16 /var/www/html/index.php(23): CApplication->run()
#17 {main}
REQUEST_URI=/index.php?r=house/view&id=142046&cd1=0&cd2=0&cd3=4&cd4=8&cd5=0&cd6=0&cd7=0&cd8=0&cd9=0&cd10=0&cd11=0&cd12=0&cd12_2=0&cd12_3=0&cd12_4=0&cd12_5=0&cd13=1&cd14=0&cd15=0&cd16=0&cd17=0&cd18=0
---
